<?xml version="1.0" encoding="UTF-8"?>
<!-- Generated by org.testng.reporters.JUnitXMLReporter -->
<testsuite hostname="Isha-PC" name="Testtry" tests="12" failures="1" timestamp="23 Dec 2016 22:52:37 GMT" time="140.962" errors="0">
  <testcase name="testPlaceholder" time="5.675" classname="testNG.AssertGmail"/>
  <testcase name="verifyEmailIDBoxText" time="11.525" classname="testNG.AssertGmail">
    <failure type="java.lang.AssertionError" message="expected:&amp;lt;true&amp;gt; but was:&amp;lt;false&amp;gt;">
      <![CDATA[java.lang.AssertionError: expected:<true> but was:<false>
	at testNG.AssertGmail.verifyEmailIDBoxText(AssertGmail.java:57)
... Removed 30 stack frames]]>
    </failure>
  </testcase> <!-- verifyEmailIDBoxText -->
  <testcase name="e" time="0.003" classname="testNG.TestOne"/>
  <testcase name="f" time="0.005" classname="testNG.TestOne"/>
  <testcase name="loginFail" time="4.072" classname="testNG.TestMethods"/>
  <testcase name="loginSuccess" time="3.282" classname="testNG.TestMethods"/>
  <testcase name="loginTest" time="0.007" classname="testNG.LoginTest"/>
  <testcase name="loginTest" time="0.004" classname="testNG.LoginTest"/>
  <testcase name="loginTest" time="0.004" classname="testNG.LoginTest"/>
  <testcase name="loginTest" time="0.003" classname="testNG.LoginTest"/>
  <testcase name="loginTest" time="0.005" classname="testNG.LoginTest"/>
  <testcase name="maxCharInCaptcha" time="0.698" classname="testNG.AssertNotIRCTC"/>
</testsuite> <!-- Testtry -->
